Log file open, 06/11/22 09:35:03
LogWindows: Failed to load 'aqProf.dll' (GetLastError=126)
LogWindows: File 'aqProf.dll' does not exist
LogWindows: Failed to load 'VtuneApi.dll' (GetLastError=126)
LogWindows: File 'VtuneApi.dll' does not exist
LogWindows: Failed to load 'VtuneApi32e.dll' (GetLastError=126)
LogWindows: File 'VtuneApi32e.dll' does not exist
LogConsoleResponse: Display: Failed to find resolution value strings in scalability ini. Falling back to default.
LogConsoleResponse: Display: Failed to find resolution value strings in scalability ini. Falling back to default.
LogInit: Display: Running engine for game: Gaming
LogPlatformFile: Not using cached read wrapper
LogTaskGraph: Started task graph with 5 named threads and 23 total threads with 3 sets of task threads.
LogStats: Stats thread started at 0.504516
LogICUInternationalization: ICU TimeZone Detection - Raw Offset: +1:00, Platform Override: ''
LogInit: Display: Loading text-based GConfig....
LogPluginManager: Mounting plugin MeshPainting
LogPluginManager: Mounting plugin XGEController
LogPluginManager: Mounting plugin Paper2D
LogPluginManager: Mounting plugin LiveLink
LogPluginManager: Mounting plugin AISupport
LogPluginManager: Mounting plugin EnvironmentQueryEditor
LogPluginManager: Mounting plugin CameraShakePreviewer
LogPluginManager: Mounting plugin GameplayCameras
LogPluginManager: Mounting plugin LightPropagationVolume
LogPluginManager: Mounting plugin OodleData
LogPluginManager: Mounting plugin OodleNetwork
LogPluginManager: Mounting plugin Niagara
LogPluginManager: Mounting plugin AnimationSharing
LogPluginManager: Mounting plugin CodeLiteSourceCodeAccess
LogPluginManager: Mounting plugin CLionSourceCodeAccess
LogPluginManager: Mounting plugin GitSourceControl
LogPluginManager: Mounting plugin KDevelopSourceCodeAccess
LogPluginManager: Mounting plugin NullSourceCodeAccess
LogPluginManager: Mounting plugin PixWinPlugin
LogPluginManager: Mounting plugin PerforceSourceControl
LogPluginManager: Mounting plugin PlasticSourceControl
LogPluginManager: Mounting plugin PluginUtils
LogPluginManager: Mounting plugin PropertyAccessNode
LogPluginManager: Mounting plugin RiderSourceCodeAccess
LogPluginManager: Mounting plugin SubversionSourceControl
LogPluginManager: Mounting plugin TextureFormatOodle
LogPluginManager: Mounting plugin UObjectPlugin
LogPluginManager: Mounting plugin VisualStudioCodeSourceCodeAccess
LogPluginManager: Mounting plugin XCodeSourceCodeAccess
LogPluginManager: Mounting plugin VisualStudioSourceCodeAccess
LogPluginManager: Mounting plugin DatasmithContent
LogPluginManager: Mounting plugin LuminPlatformFeatures
LogPluginManager: Mounting plugin MagicLeap
LogPluginManager: Mounting plugin MagicLeapMedia
LogPluginManager: Mounting plugin MagicLeapLightEstimation
LogPluginManager: Mounting plugin MagicLeapPassableWorld
LogPluginManager: Mounting plugin VariantManagerContent
LogPluginManager: Mounting plugin AlembicImporter
LogPluginManager: Mounting plugin MLSDK
LogPluginManager: Mounting plugin AutomationUtils
LogPluginManager: Mounting plugin BackChannel
LogPluginManager: Mounting plugin ChaosClothEditor
LogPluginManager: Mounting plugin ChaosCloth
LogPluginManager: Mounting plugin ChaosEditor
LogPluginManager: Mounting plugin ChaosSolverPlugin
LogPluginManager: Mounting plugin ChaosNiagara
LogPluginManager: Mounting plugin CharacterAI
LogPluginManager: Mounting plugin GeometryCache
LogPluginManager: Mounting plugin AssetManagerEditor
LogPluginManager: Mounting plugin GeometryCollectionPlugin
LogPluginManager: Mounting plugin CryptoKeys
LogPluginManager: Mounting plugin DataValidation
LogPluginManager: Mounting plugin CurveEditorTools
LogPluginManager: Mounting plugin GeometryProcessing
LogPluginManager: Mounting plugin GameplayTagsEditor
LogPluginManager: Mounting plugin FacialAnimation
LogPluginManager: Mounting plugin MotoSynth
LogPluginManager: Mounting plugin OpenImageDenoise
LogPluginManager: Mounting plugin PlanarCut
LogPluginManager: Mounting plugin PlatformCrypto
LogPluginManager: Mounting plugin GeometryMode
LogPluginManager: Mounting plugin ProxyLODPlugin
LogPluginManager: Mounting plugin PythonScriptPlugin
LogPluginManager: Mounting plugin MacGraphicsSwitching
LogPluginManager: Mounting plugin MaterialAnalyzer
LogPluginManager: Mounting plugin AndroidMedia
LogPluginManager: Mounting plugin MobileLauncherProfileWizard
LogPluginManager: Mounting plugin PluginBrowser
LogPluginManager: Mounting plugin SkeletalReduction
LogPluginManager: Mounting plugin SpeedTreeImporter
LogPluginManager: Mounting plugin AvfMedia
LogPluginManager: Mounting plugin TcpMessaging
LogPluginManager: Mounting plugin UdpMessaging
LogPluginManager: Mounting plugin ActorSequence
LogPluginManager: Mounting plugin LevelSequenceEditor
LogPluginManager: Mounting plugin ImgMedia
LogPluginManager: Mounting plugin MatineeToLevelSequence
LogPluginManager: Mounting plugin MediaCompositing
LogPluginManager: Mounting plugin TemplateSequence
LogPluginManager: Mounting plugin MediaPlayerEditor
LogPluginManager: Mounting plugin WebMMedia
LogPluginManager: Mounting plugin WmfMedia
LogPluginManager: Mounting plugin OnlineSubsystem
LogPluginManager: Mounting plugin OnlineSubsystemNull
LogPluginManager: Mounting plugin LauncherChunkInstaller
LogPluginManager: Mounting plugin OnlineSubsystemUtils
LogPluginManager: Mounting plugin AndroidDeviceProfileSelector
LogPluginManager: Mounting plugin ActorLayerUtilities
LogPluginManager: Mounting plugin AndroidMoviePlayer
LogPluginManager: Mounting plugin AndroidPermission
LogPluginManager: Mounting plugin AppleMoviePlayer
LogPluginManager: Mounting plugin AppleImageUtils
LogPluginManager: Mounting plugin AssetTags
LogPluginManager: Mounting plugin ArchVisCharacter
LogPluginManager: Mounting plugin AudioCapture
LogPluginManager: Mounting plugin ChunkDownloader
LogPluginManager: Mounting plugin AudioSynesthesia
LogPluginManager: Mounting plugin CableComponent
LogPluginManager: Mounting plugin CustomMeshComponent
LogPluginManager: Mounting plugin ExampleDeviceProfileSelector
LogPluginManager: Mounting plugin EditableMesh
LogPluginManager: Mounting plugin GoogleCloudMessaging
LogPluginManager: Mounting plugin GooglePAD
LogPluginManager: Mounting plugin IOSDeviceProfileSelector
LogPluginManager: Mounting plugin LinuxDeviceProfileSelector
LogPluginManager: Mounting plugin LocationServicesBPLibrary
LogPluginManager: Mounting plugin MobilePatchingUtils
LogPluginManager: Mounting plugin OpenXR
LogPluginManager: Mounting plugin OpenXREyeTracker
LogPluginManager: Mounting plugin OpenXRHandTracking
LogPluginManager: Mounting plugin PhysXVehicles
LogPluginManager: Mounting plugin ScreenshotTools
LogPluginManager: Mounting plugin PostSplashScreen
LogPluginManager: Mounting plugin ProceduralMeshComponent
LogPluginManager: Mounting plugin PropertyAccessEditor
LogPluginManager: Mounting plugin RuntimePhysXCooking
LogPluginManager: Mounting plugin Takes
LogPluginManager: Mounting plugin SignificanceManager
LogPluginManager: Mounting plugin SoundFields
LogPluginManager: Mounting plugin Synthesis
LogPluginManager: Mounting plugin WebMMoviePlayer
LogPluginManager: Mounting plugin WindowsMoviePlayer
LogPluginManager: Mounting plugin ContentBrowserAssetDataSource
LogPluginManager: Mounting plugin ContentBrowserClassDataSource
LogPluginManager: Mounting plugin ContentBrowserFileDataSource
LogPluginManager: Mounting plugin OnlineSubsystemIOS
LogPluginManager: Mounting plugin OnlineSubsystemGooglePlay
LogPluginManager: Mounting plugin OculusVR
LogPluginManager: Mounting plugin SteamVR
LogPluginManager: Mounting plugin RiderLink
LogInit: Warning: Incompatible or missing module: RD
LogInit: Warning: Incompatible or missing module: RiderLink
LogInit: Warning: Incompatible or missing module: RiderLoggingExtension
LogInit: Warning: Incompatible or missing module: RiderBlueprintExtension
LogInit: Warning: Incompatible or missing module: RiderGameControlExtension
Running E:/Unreal Engine/UE_4.27/Engine/Binaries/DotNET/UnrealBuildTool.exe Development Win64 -Project="E:/GIthubE/Gaming/Gaming/Gaming.uproject" -TargetType=Editor -Progress -NoEngineChanges -NoHotReloadFromIDE
Using 'git status' to determine working set for adaptive non-unity build (E:\GIthubE\Gaming).
Creating makefile for GamingEditor (game project files are newer)
@progress push 5%
Parsing headers for GamingEditor
  Running UnrealHeaderTool "E:\GIthubE\Gaming\Gaming\Gaming.uproject" "E:\GIthubE\Gaming\Gaming\Intermediate\Build\Win64\GamingEditor\Development\GamingEditor.uhtmanifest" -LogCmds="loginit warning, logexit warning, logdatabase error" -Unattended -WarningsAsErrors -abslog="C:\Users\XEON\AppData\Local\UnrealBuildTool\Log_UHT.txt" -installed
LogInit: Display: Loading text-based GConfig....
Reflection code generated for GamingEditor in 40,1702537 seconds
@progress pop
Building GamingEditor...
Using Visual Studio 2019 14.29.30139 toolchain (E:\Visual Studio\IDE\VC\Tools\MSVC\14.29.30133) and Windows 10.0.19041.0 SDK (C:\Program Files (x86)\Windows Kits\10).
Building 98 actions with 8 processes...
  @progress 'Compiling C++ source code...' 0%
  @progress 'Compiling C++ source code...' 1%
  [1/98] countdownlatch.cpp
  @progress 'Compiling C++ source code...' 2%
  [2/98] ISerializersOwner.cpp
  @progress 'Compiling C++ source code...' 3%
  [3/98] async.cpp
  @progress 'Compiling C++ source code...' 4%
  [4/98] cfg.cpp
  @progress 'Compiling C++ source code...' 5%
  [5/98] IUnknownInstance.cpp
  @progress 'Compiling C++ source code...' 6%
  [6/98] color_sinks.cpp
  @progress 'Compiling C++ source code...' 7%
  [7/98] hashing.cpp
  @progress 'Compiling C++ source code...' 8%
  [8/98] thirdparty.cpp
  @progress 'Compiling C++ source code...' 9%
  [9/98] file_sinks.cpp
  @progress 'Compiling C++ source code...' 10%
  [10/98] RdBindableBase.cpp
  @progress 'Compiling C++ source code...' 11%
  [11/98] fmt.cpp
  @progress 'Compiling C++ source code...' 12%
  [12/98] stdout_sinks.cpp
  @progress 'Compiling C++ source code...' 13%
  [13/98] RD.cpp
  @progress 'Compiling C++ source code...' 14%
  [14/98] RdAny.cpp
  @progress 'Compiling C++ source code...' 15%
  [15/98] SingleThreadSchedulerBase.cpp
  @progress 'Compiling C++ source code...' 16%
  [16/98] spdlog.cpp
  @progress 'Compiling C++ source code...' 17%
  [17/98] Serializers.cpp
  @progress 'Compiling C++ source code...' 18%
  [18/98] SerializationCtx.cpp
  @progress 'Compiling C++ source code...' 19%
  [19/98] ISerializable.cpp
  @progress 'Compiling C++ source code...' 20%
  [20/98] SimpleScheduler.cpp
  @progress 'Compiling C++ source code...' 21%
  [21/98] SynchronousScheduler.cpp
  @progress 'Compiling C++ source code...' 22%
  [22/98] Polymorphic.cpp
  @progress 'Compiling C++ source code...' 23%
  [23/98] SingleThreadScheduler.cpp
  @progress 'Compiling C++ source code...' 24%
  [24/98] DefaultAbstractDeclaration.cpp
  @progress 'Compiling C++ source code...' 26%
  [25/98] RdId.cpp
  @progress 'Compiling C++ source code...' 27%
  [26/98] IRdWireable.cpp
  @progress 'Compiling C++ source code...' 28%
  [27/98] thread_util.cpp
  @progress 'Compiling C++ source code...' 29%
  [28/98] MessageBroker.cpp
  @progress 'Compiling C++ source code...' 30%
  [29/98] Protocol.cpp
  @progress 'Compiling C++ source code...' 31%
  [30/98] IProtocol.cpp
  @progress 'Compiling C++ source code...' 32%
  [31/98] ExtWire.cpp
  @progress 'Compiling C++ source code...' 33%
  [32/98] WireBase.cpp
  @progress 'Compiling C++ source code...' 34%
  [33/98] RName.cpp
  @progress 'Compiling C++ source code...' 35%
  [34/98] RdReactiveBase.cpp
  @progress 'Compiling C++ source code...' 36%
  [35/98] ByteBufferAsyncProcessor.cpp
  @progress 'Compiling C++ source code...' 37%
  [36/98] RdExtBase.cpp
  @progress 'Compiling C++ source code...' 38%
  [37/98] SimpleSocket.cpp
  @progress 'Compiling C++ source code...' 39%
  [38/98] Lifetime.cpp
  @progress 'Compiling C++ source code...' 40%
  [39/98] LifetimeDefinition.cpp
  @progress 'Compiling C++ source code...' 41%
  [40/98] PkgInputStream.cpp
  @progress 'Compiling C++ source code...' 42%
  [41/98] LifetimeImpl.cpp
  @progress 'Compiling C++ source code...' 43%
  [42/98] PumpScheduler.cpp
  @progress 'Compiling C++ source code...' 44%
  [43/98] RdTextBuffer.cpp
  @progress 'Compiling C++ source code...' 45%
  [44/98] Buffer.cpp
  @progress 'Compiling C++ source code...' 46%
  [45/98] IScheduler.cpp
  @progress 'Compiling C++ source code...' 47%
  [46/98] SequentialLifetimes.cpp
  @progress 'Compiling C++ source code...' 48%
  [47/98] SignalCookie.cpp
  @progress 'Compiling C++ source code...' 49%
  [48/98] ActiveSocket.cpp
  @progress 'Compiling C++ source code...' 50%
  [49/98] InternRoot.cpp
  @progress 'Compiling C++ source code...' 51%
  [50/98] Default.rc2
  @progress 'Compiling C++ source code...' 52%
  [51/98] Identities.cpp
  @progress 'Compiling C++ source code...' 53%
  [52/98] Default.rc2
  @progress 'Compiling C++ source code...' 54%
  [53/98] PassiveSocket.cpp
  @progress 'Compiling C++ source code...' 55%
  [54/98] InternScheduler.cpp
  @progress 'Compiling C++ source code...' 56%
  [55/98] Default.rc2
  @progress 'Compiling C++ source code...' 57%
  [56/98] DateTime.cpp
  @progress 'Compiling C++ source code...' 58%
  [57/98] Default.rc2
  @progress 'Compiling C++ source code...' 59%
  [58/98] Default.rc2
  @progress 'Compiling C++ source code...' 60%
  [59/98] WireUtil.cpp
  @progress 'Compiling C++ source code...' 61%
  [60/98] SocketWire.cpp
  @progress 'Compiling C++ source code...' 62%
  [61/98] UE4Editor-RD.lib
     Vytv??? se knihovna E:\GIthubE\Gaming\Gaming\Plugins\Developer\RiderLink\Intermediate\Build\Win64\UE4Editor\Development\RD\UE4Editor-RD.lib a objekt E:\GIthubE\Gaming\Gaming\Plugins\Developer\RiderLink\Intermediate\Build\Win64\UE4Editor\Development\RD\UE4Editor-RD.exp.
  @progress 'Compiling C++ source code...' 63%
  [62/98] UE4Editor-RD.dll
     Vytv??? se knihovna E:\GIthubE\Gaming\Gaming\Plugins\Developer\RiderLink\Intermediate\Build\Win64\UE4Editor\Development\RD\UE4Editor-RD.suppressed.lib a objekt E:\GIthubE\Gaming\Gaming\Plugins\Developer\RiderLink\Intermediate\Build\Win64\UE4Editor\Development\RD\UE4Editor-RD.suppressed.exp.
  @progress 'Compiling C++ source code...' 64%
  [63/98] Module.RiderLoggingExtension.cpp
  @progress 'Compiling C++ source code...' 65%
  [64/98] UE4Editor-RiderLoggingExtension.lib
     Vytv??? se knihovna E:\GIthubE\Gaming\Gaming\Plugins\Developer\RiderLink\Intermediate\Build\Win64\UE4Editor\Development\RiderLoggingExtension\UE4Editor-RiderLoggingExtension.lib a objekt E:\GIthubE\Gaming\Gaming\Plugins\Developer\RiderLink\Intermediate\Build\Win64\UE4Editor\Development\RiderLoggingExtension\UE4Editor-RiderLoggingExtension.exp.
  @progress 'Compiling C++ source code...' 66%
  [65/98] Module.RiderLink.cpp
  @progress 'Compiling C++ source code...' 67%
  [66/98] UE4Editor-RiderLink.lib
     Vytv??? se knihovna E:\GIthubE\Gaming\Gaming\Plugins\Developer\RiderLink\Intermediate\Build\Win64\UE4Editor\Development\RiderLink\UE4Editor-RiderLink.lib a objekt E:\GIthubE\Gaming\Gaming\Plugins\Developer\RiderLink\Intermediate\Build\Win64\UE4Editor\Development\RiderLink\UE4Editor-RiderLink.exp.
  @progress 'Compiling C++ source code...' 68%
  [67/98] UE4Editor-RiderLink.dll
     Vytv??? se knihovna E:\GIthubE\Gaming\Gaming\Plugins\Developer\RiderLink\Intermediate\Build\Win64\UE4Editor\Development\RiderLink\UE4Editor-RiderLink.suppressed.lib a objekt E:\GIthubE\Gaming\Gaming\Plugins\Developer\RiderLink\Intermediate\Build\Win64\UE4Editor\Development\RiderLink\UE4Editor-RiderLink.suppressed.exp.
  @progress 'Compiling C++ source code...' 69%
  [68/98] SharedPCH.Engine.ShadowErrors.cpp
  @progress 'Compiling C++ source code...' 70%
  [69/98] Gaming.cpp
  @progress 'Compiling C++ source code...' 71%
  [70/98] Sword.cpp
  @progress 'Compiling C++ source code...' 72%
  [71/98] Item.cpp
  @progress 'Compiling C++ source code...' 73%
  [72/98] GamingGameModeBase.gen.cpp
  @progress 'Compiling C++ source code...' 74%
  [73/98] NPC.gen.cpp
  @progress 'Compiling C++ source code...' 76%
  [74/98] GamingGameModeBase.cpp
  @progress 'Compiling C++ source code...' 77%
  [75/98] Sword.gen.cpp
  @progress 'Compiling C++ source code...' 78%
  [76/98] Karel.cpp
  @progress 'Compiling C++ source code...' 79%
  [77/98] NPC.cpp
  @progress 'Compiling C++ source code...' 80%
  [78/98] Item.gen.cpp
  @progress 'Compiling C++ source code...' 81%
  [79/98] MyHUD.cpp
  @progress 'Compiling C++ source code...' 82%
  [80/98] Hero.gen.cpp
  @progress 'Compiling C++ source code...' 83%
  [81/98] Karel.gen.cpp
  @progress 'Compiling C++ source code...' 84%
  [82/98] BasicEnemy.cpp
  E:\GIthubE\Gaming\Gaming\Source\Gaming/EnemyAIController.h(42): error C3668: AEnemyAIController::SetupPlayerInputComponent: Metoda se specifik?torem p?eps?n? override nep?epsala ??dn? metody base class.
  @progress 'Compiling C++ source code...' 85%
  [83/98] Gaming.init.gen.cpp
  @progress 'Compiling C++ source code...' 86%
  [84/98] MyHUD.gen.cpp
  @progress 'Compiling C++ source code...' 87%
  [85/98] EnemyAIController.cpp
  E:\GIthubE\Gaming\Gaming\Source\Gaming\EnemyAIController.h(42): error C3668: AEnemyAIController::SetupPlayerInputComponent: Metoda se specifik?torem p?eps?n? override nep?epsala ??dn? metody base class.
  @progress 'Compiling C++ source code...' 88%
  [86/98] EnemyAIController.gen.cpp
  E:\GIthubE\Gaming\Gaming\Source\Gaming/EnemyAIController.h(42): error C3668: AEnemyAIController::SetupPlayerInputComponent: Metoda se specifik?torem p?eps?n? override nep?epsala ??dn? metody base class.
  @progress 'Compiling C++ source code...' 89%
  [87/98] BasicEnemy.gen.cpp
  E:\GIthubE\Gaming\Gaming\Source\Gaming/EnemyAIController.h(42): error C3668: AEnemyAIController::SetupPlayerInputComponent: Metoda se specifik?torem p?eps?n? override nep?epsala ??dn? metody base class.
  @progress 'Compiling C++ source code...' 90%
  [88/98] Hero.cpp
  E:\GIthubE\Gaming\Gaming\Source\Gaming/EnemyAIController.h(42): error C3668: AEnemyAIController::SetupPlayerInputComponent: Metoda se specifik?torem p?eps?n? override nep?epsala ??dn? metody base class.
  @progress 'Compiling C++ source code...' 91%
  [89/98] RiderGameControlExtension.cpp
  @progress 'Compiling C++ source code...' 92%
  [90/98] UE4Editor-RiderGameControlExtension.lib
     Vytv??? se knihovna E:\GIthubE\Gaming\Gaming\Plugins\Developer\RiderLink\Intermediate\Build\Win64\UE4Editor\Development\RiderGameControlExtension\UE4Editor-RiderGameControlExtension.lib a objekt E:\GIthubE\Gaming\Gaming\Plugins\Developer\RiderLink\Intermediate\Build\Win64\UE4Editor\Development\RiderGameControlExtension\UE4Editor-RiderGameControlExtension.exp.
  @progress 'Compiling C++ source code...' 93%
  [91/98] UE4Editor-RiderGameControlExtension.dll
     Vytv??? se knihovna E:\GIthubE\Gaming\Gaming\Plugins\Developer\RiderLink\Intermediate\Build\Win64\UE4Editor\Development\RiderGameControlExtension\UE4Editor-RiderGameControlExtension.suppressed.lib a objekt E:\GIthubE\Gaming\Gaming\Plugins\Developer\RiderLink\Intermediate\Build\Win64\UE4Editor\Development\RiderGameControlExtension\UE4Editor-RiderGameControlExtension.suppressed.exp.
  @progress 'Compiling C++ source code...' 94%
  [92/98] Module.RiderBlueprintExtension.cpp
  @progress 'Compiling C++ source code...' 95%
  [93/98] UE4Editor-RiderBlueprintExtension.lib
     Vytv??? se knihovna E:\GIthubE\Gaming\Gaming\Plugins\Developer\RiderLink\Intermediate\Build\Win64\UE4Editor\Development\RiderBlueprintExtension\UE4Editor-RiderBlueprintExtension.lib a objekt E:\GIthubE\Gaming\Gaming\Plugins\Developer\RiderLink\Intermediate\Build\Win64\UE4Editor\Development\RiderBlueprintExtension\UE4Editor-RiderBlueprintExtension.exp.
  @progress 'Compiling C++ source code...' 96%
  [94/98] UE4Editor-RiderLoggingExtension.dll
     Vytv??? se knihovna E:\GIthubE\Gaming\Gaming\Plugins\Developer\RiderLink\Intermediate\Build\Win64\UE4Editor\Development\RiderLoggingExtension\UE4Editor-RiderLoggingExtension.suppressed.lib a objekt E:\GIthubE\Gaming\Gaming\Plugins\Developer\RiderLink\Intermediate\Build\Win64\UE4Editor\Development\RiderLoggingExtension\UE4Editor-RiderLoggingExtension.suppressed.exp.
  @progress 'Compiling C++ source code...' 97%
  [95/98] UE4Editor-RiderBlueprintExtension.dll
     Vytv??? se knihovna E:\GIthubE\Gaming\Gaming\Plugins\Developer\RiderLink\Intermediate\Build\Win64\UE4Editor\Development\RiderBlueprintExtension\UE4Editor-RiderBlueprintExtension.suppressed.lib a objekt E:\GIthubE\Gaming\Gaming\Plugins\Developer\RiderLink\Intermediate\Build\Win64\UE4Editor\Development\RiderBlueprintExtension\UE4Editor-RiderBlueprintExtension.suppressed.exp.
LogInit: Warning: Still incompatible or missing module: RD
LogInit: Warning: Still incompatible or missing module: RiderLink
LogInit: Warning: Still incompatible or missing module: RiderLoggingExtension
LogInit: Warning: Still incompatible or missing module: RiderBlueprintExtension
LogInit: Warning: Still incompatible or missing module: RiderGameControlExtension
LogCore: Engine exit requested (reason: EngineExit() was called)
LogExit: Preparing to exit.
LogModuleManager: Shutting down and abandoning module DesktopPlatform (48)
LogModuleManager: Shutting down and abandoning module PythonScriptPluginPreload (46)
LogModuleManager: Shutting down and abandoning module PlatformCryptoOpenSSL (44)
LogModuleManager: Shutting down and abandoning module PlatformCryptoTypes (42)
LogModuleManager: Shutting down and abandoning module PlatformCrypto (40)
LogModuleManager: Shutting down and abandoning module OodleDataCompressionFormat (38)
LogModuleManager: Shutting down and abandoning module XGEController (36)
LogXGEController: Cannot use XGE Controller as Incredibuild is not installed on this machine.
LogModuleManager: Shutting down and abandoning module AnimationModifiers (34)
LogModuleManager: Shutting down and abandoning module AudioEditor (32)
LogModuleManager: Shutting down and abandoning module PropertyEditor (31)
LogModuleManager: Shutting down and abandoning module TextureCompressor (28)
LogModuleManager: Shutting down and abandoning module RenderCore (26)
LogModuleManager: Shutting down and abandoning module Landscape (24)
LogModuleManager: Shutting down and abandoning module SlateRHIRenderer (22)
LogModuleManager: Shutting down and abandoning module AnimGraphRuntime (20)
LogModuleManager: Shutting down and abandoning module Renderer (18)
LogModuleManager: Shutting down and abandoning module Engine (16)
LogModuleManager: Shutting down and abandoning module CoreUObject (14)
LogModuleManager: Shutting down and abandoning module NetworkFile (12)
LogModuleManager: Shutting down and abandoning module CookedIterativeFile (10)
LogModuleManager: Shutting down and abandoning module StreamingFile (8)
LogModuleManager: Shutting down and abandoning module SandboxFile (6)
LogModuleManager: Shutting down and abandoning module PakFile (4)
LogModuleManager: Shutting down and abandoning module RSA (3)
LogExit: Exiting.
Log file closed, 06/11/22 09:40:25
